<?xml version="1.0" encoding="UTF-8"?>
<!-- Generated by org.testng.reporters.JUnitReportReporter -->
<testsuite hostname="VENKIVITAL-PC" failures="0" tests="1" name="com.TestNGDemos.D01firsttest" time="19.344" errors="0" timestamp="2024-03-14T00:42:28 IST" skipped="0">
  <testcase classname="com.TestNGDemos.D01firsttest" name="openMyntra" time="19.344"/>
  <system-out/>
</testsuite> <!-- com.TestNGDemos.D01firsttest -->
