<?xml version="1.0" encoding="UTF-8"?>
<!-- Generated by org.testng.reporters.JUnitReportReporter -->
<testsuite hostname="VENKIVITAL-PC" failures="0" tests="1" name="com.TestNGDemos.D09POMClient" time="2.556" errors="0" timestamp="2024-04-04T01:04:56 IST" skipped="0">
  <testcase classname="com.TestNGDemos.D09POMClient" name="login" time="2.556"/>
  <system-out/>
</testsuite> <!-- com.TestNGDemos.D09POMClient -->
