<?xml version="1.0" encoding="UTF-8"?>
<!-- Generated by org.testng.reporters.JUnitReportReporter -->
<testsuite hostname="VENKIVITAL-PC" failures="0" tests="5" name="com.TestNGDemos.D02MultipleTests" time="27.652" errors="0" timestamp="2024-03-14T01:11:56 IST" skipped="0">
  <testcase classname="com.TestNGDemos.D02MultipleTests" name="openNykaa" time="6.485"/>
  <system-out/>
  <testcase classname="com.TestNGDemos.D02MultipleTests" name="openMeeshow" time="5.188"/>
  <system-out/>
  <testcase classname="com.TestNGDemos.D02MultipleTests" name="openMyntra" time="6.549"/>
  <system-out/>
  <testcase classname="com.TestNGDemos.D02MultipleTests" name="openZepto" time="4.890"/>
  <system-out/>
  <testcase classname="com.TestNGDemos.D02MultipleTests" name="openBewakoof" time="4.540"/>
  <system-out/>
</testsuite> <!-- com.TestNGDemos.D02MultipleTests -->
