<?xml version="1.0" encoding="UTF-8"?>
<!-- Generated by org.testng.reporters.JUnitReportReporter -->
<testsuite hostname="VENKIVITAL-PC" failures="0" tests="3" name="com.TestNGDemos.D04BeofreAfter_Method" time="11.912" errors="0" timestamp="2024-03-19T20:35:07 IST" skipped="0">
  <testcase classname="com.TestNGDemos.D04BeofreAfter_Method" name="openMeeshow" time="3.823"/>
  <system-out/>
  <testcase classname="com.TestNGDemos.D04BeofreAfter_Method" name="openMyntra" time="4.439"/>
  <system-out/>
  <testcase classname="com.TestNGDemos.D04BeofreAfter_Method" name="openBewakoof" time="3.650"/>
  <system-out/>
</testsuite> <!-- com.TestNGDemos.D04BeofreAfter_Method -->
