<?xml version="1.0" encoding="UTF-8"?>
<!-- Generated by org.testng.reporters.JUnitReportReporter -->
<testsuite hostname="VENKIVITAL-PC" failures="0" tests="2" name="com.TestNGDemos.D05amazonTest" time="15.612" errors="0" timestamp="2024-03-19T23:54:22 IST" skipped="0">
  <testcase classname="com.TestNGDemos.D05amazonTest" name="clickonbestsellers" time="5.925"/>
  <system-out/>
  <testcase classname="com.TestNGDemos.D05amazonTest" name="clickonmobiles" time="9.687"/>
  <system-out/>
</testsuite> <!-- com.TestNGDemos.D05amazonTest -->
