<?xml version="1.0" encoding="UTF-8"?>
<!-- Generated by org.testng.reporters.JUnitReportReporter -->
<testsuite hostname="VENKIVITAL-PC" failures="0" tests="1" name="com.TestNGDemos.D12ReadTheData" time="0.060" errors="0" timestamp="2024-03-31T14:15:26 IST" skipped="0">
  <testcase classname="com.TestNGDemos.D12ReadTheData" name="readData" time="0.060"/>
  <system-out/>
</testsuite> <!-- com.TestNGDemos.D12ReadTheData -->
