<?xml version="1.0" encoding="UTF-8"?>
<!-- Generated by org.testng.reporters.JUnitReportReporter -->
<testsuite hostname="VENKIVITAL-PC" failures="0" tests="5" name="com.TestNGDemos.D11CreateLoginData" time="0.142" errors="0" timestamp="2024-03-31T01:22:53 IST" skipped="0">
  <testcase classname="com.TestNGDemos.D11CreateLoginData" name="writeToLoginFile" time="0.011"/>
  <system-out/>
  <testcase classname="com.TestNGDemos.D11CreateLoginData" name="writeToLoginFile" time="0.015"/>
  <system-out/>
  <testcase classname="com.TestNGDemos.D11CreateLoginData" name="writeToLoginFile" time="0.080"/>
  <system-out/>
  <testcase classname="com.TestNGDemos.D11CreateLoginData" name="writeToLoginFile" time="0.020"/>
  <system-out/>
  <testcase classname="com.TestNGDemos.D11CreateLoginData" name="writeToLoginFile" time="0.016"/>
  <system-out/>
</testsuite> <!-- com.TestNGDemos.D11CreateLoginData -->
